<?xml version="1.0" encoding="UTF-8"?>
<testsuite xmlns:xsi="http://www.w3.org/2001/XMLSchema-instance" xsi:noNamespaceSchemaLocation="https://maven.apache.org/surefire/maven-surefire-plugin/xsd/surefire-test-report.xsd" version="3.0.2" name="dz.tarbiya.madrassa.integration.NoteIntegrationTest" time="12.042" tests="1" errors="0" skipped="0" failures="0">
  <properties>
[...]
</properties>
  <testcase name="completeNoteWorkflow_ShouldWork" classname="dz.tarbiya.madrassa.integration.NoteIntegrationTest" time="0.335">
    <system-out><![CDATA[2025-10-12T19:38:59.727+02:00  INFO 40768 --- [           main] t.c.s.AnnotationConfigContextLoaderUtils : Could not detect default configuration classes for test class [dz.tarbiya.madrassa.integration.NoteIntegrationTest]: NoteIntegrationTest does not declare any static, non-private, non-final, nested classes annotated with @Configuration.
2025-10-12T19:38:59.804+02:00  INFO 40768 --- [           main] .b.t.c.SpringBootTestContextBootstrapper : Found @SpringBootConfiguration dz.tarbiya.madrassa.MadrassaApplication for test class dz.tarbiya.madrassa.integration.NoteIntegrationTest

  .   ____          _            __ _ _
 /\\ / ___'_ __ _ _(_)_ __  __ _ \ \ \ \
( ( )\___ | '_ | '_| | '_ \/ _` | \ \ \ \
 \\/  ___)| |_)| | | | | || (_| |  ) ) ) )
  '  |____| .__|_| |_|_| |_\__, | / / / /
 =========|_|==============|___/=/_/_/_/

 :: Spring Boot ::                (v3.5.0)

2025-10-12T19:38:59.964+02:00  INFO 40768 --- [           main] d.t.m.integration.NoteIntegrationTest    : Starting NoteIntegrationTest using Java 21.0.2 with PID 40768 (started by M12567 in C:\Formation\madrassa\madrassa)
2025-10-12T19:38:59.964+02:00 DEBUG 40768 --- [           main] d.t.m.integration.NoteIntegrationTest    : Running with Spring Boot v3.5.0, Spring v6.2.7
2025-10-12T19:38:59.964+02:00  INFO 40768 --- [           main] d.t.m.integration.NoteIntegrationTest    : The following 1 profile is active: "test"
2025-10-12T19:38:59.980+02:00 DEBUG 40768 --- [           main] o.s.w.c.s.GenericWebApplicationContext   : Refreshing org.springframework.web.context.support.GenericWebApplicationContext@128a188a
2025-10-12T19:39:02.241+02:00  INFO 40768 --- [           main] .s.d.r.c.RepositoryConfigurationDelegate : Bootstrapping Spring Data JPA repositories in DEFAULT mode.
2025-10-12T19:39:02.620+02:00  INFO 40768 --- [           main] .s.d.r.c.RepositoryConfigurationDelegate : Finished Spring Data repository scanning in 332 ms. Found 20 JPA repository interfaces.
2025-10-12T19:39:03.909+02:00  INFO 40768 --- [           main] o.hibernate.jpa.internal.util.LogHelper  : HHH000204: Processing PersistenceUnitInfo [name: default]
2025-10-12T19:39:04.179+02:00  INFO 40768 --- [           main] org.hibernate.Version                    : HHH000412: Hibernate ORM core version 6.6.15.Final
2025-10-12T19:39:04.284+02:00  INFO 40768 --- [           main] o.h.c.internal.RegionFactoryInitiator    : HHH000026: Second-level cache disabled
2025-10-12T19:39:04.568+02:00  INFO 40768 --- [           main] o.s.o.j.p.SpringPersistenceUnitInfo      : No LoadTimeWeaver setup: ignoring JPA class transformer
2025-10-12T19:39:04.611+02:00  INFO 40768 --- [           main] com.zaxxer.hikari.HikariDataSource       : HikariPool-1 - Starting...
2025-10-12T19:39:04.892+02:00  INFO 40768 --- [           main] com.zaxxer.hikari.pool.HikariPool        : HikariPool-1 - Added connection conn0: url=jdbc:h2:mem:testdb-test user=SA
2025-10-12T19:39:04.907+02:00  INFO 40768 --- [           main] com.zaxxer.hikari.HikariDataSource       : HikariPool-1 - Start completed.
2025-10-12T19:39:05.019+02:00  INFO 40768 --- [           main] org.hibernate.orm.connections.pooling    : HHH10001005: Database info:
	Database JDBC URL [Connecting through datasource 'HikariDataSource (HikariPool-1)']
	Database driver: undefined/unknown
	Database version: 2.3.232
	Autocommit mode: undefined/unknown
	Isolation level: undefined/unknown
	Minimum pool size: undefined/unknown
	Maximum pool size: undefined/unknown
2025-10-12T19:39:06.633+02:00  INFO 40768 --- [           main] o.h.e.t.j.p.i.JtaPlatformInitiator       : HHH000489: No JTA platform available (set 'hibernate.transaction.jta.platform' to enable JTA platform integration)
2025-10-12T19:39:06.727+02:00  INFO 40768 --- [           main] j.LocalContainerEntityManagerFactoryBean : Initialized JPA EntityManagerFactory for persistence unit 'default'
2025-10-12T19:39:07.699+02:00  INFO 40768 --- [           main] o.s.d.j.r.query.QueryEnhancerFactory     : Hibernate is in classpath; If applicable, HQL parser will be used.
2025-10-12T19:39:10.458+02:00  WARN 40768 --- [           main] JpaBaseConfiguration$JpaWebConfiguration : spring.jpa.open-in-view is enabled by default. Therefore, database queries may be performed during view rendering. Explicitly configure spring.jpa.open-in-view to disable this warning
2025-10-12T19:39:10.505+02:00  INFO 40768 --- [           main] o.s.v.b.OptionalValidatorFactoryBean     : Failed to set up a Bean Validation provider: jakarta.validation.NoProviderFoundException: Unable to create a Configuration, because no Jakarta Bean Validation provider could be found. Add a provider like Hibernate Validator (RI) to your classpath.
2025-10-12T19:39:10.653+02:00 DEBUG 40768 --- [           main] s.w.s.m.m.a.RequestMappingHandlerMapping : 86 mappings in 'requestMappingHandlerMapping'
2025-10-12T19:39:10.813+02:00 DEBUG 40768 --- [           main] o.s.w.s.handler.SimpleUrlHandlerMapping  : Patterns [/webjars/**, /**, /swagger-ui*/*swagger-initializer.js, /swagger-ui*/**] in 'resourceHandlerMapping'
2025-10-12T19:39:10.881+02:00 DEBUG 40768 --- [           main] s.w.s.m.m.a.RequestMappingHandlerAdapter : ControllerAdvice beans: 0 @ModelAttribute, 0 @InitBinder, 1 RequestBodyAdvice, 1 ResponseBodyAdvice
2025-10-12T19:39:10.940+02:00 DEBUG 40768 --- [           main] .m.m.a.ExceptionHandlerExceptionResolver : ControllerAdvice beans: 1 @ExceptionHandler, 1 ResponseBodyAdvice
2025-10-12T19:39:11.318+02:00  INFO 40768 --- [           main] o.s.b.a.h2.H2ConsoleAutoConfiguration    : H2 console available at '/h2-console'. Database available at 'jdbc:h2:mem:testdb-test'
2025-10-12T19:39:11.399+02:00  INFO 40768 --- [           main] o.s.b.t.m.w.SpringBootMockServletContext : Initializing Spring TestDispatcherServlet ''
2025-10-12T19:39:11.399+02:00  INFO 40768 --- [           main] o.s.t.web.servlet.TestDispatcherServlet  : Initializing Servlet ''
2025-10-12T19:39:11.400+02:00  INFO 40768 --- [           main] o.s.t.web.servlet.TestDispatcherServlet  : Completed initialization in 1 ms
2025-10-12T19:39:11.423+02:00  INFO 40768 --- [           main] d.t.m.integration.NoteIntegrationTest    : Started NoteIntegrationTest in 11.603 seconds (process running for 22.768)
2025-10-12T19:39:11.468+02:00 DEBUG 40768 --- [           main] s.w.s.m.m.a.RequestMappingHandlerMapping : Mapped to dz.tarbiya.madrassa.adapter.in.rest.NoteController#create(Note)
2025-10-12T19:39:11.484+02:00 DEBUG 40768 --- [           main] m.m.a.RequestResponseBodyMethodProcessor : Read "application/json;charset=UTF-8" to [Note[idNote=null, idEvaluation=1, idEleve=1, valeur=16.5, absent=false, dispense=false, appreciation (truncated)...]
2025-10-12T19:39:11.639+02:00 DEBUG 40768 --- [           main] o.s.w.s.m.m.a.HttpEntityMethodProcessor  : Using 'application/json', given [*/*] and supported [application/json, application/*+json, application/yaml]
2025-10-12T19:39:11.640+02:00 DEBUG 40768 --- [           main] o.s.w.s.m.m.a.HttpEntityMethodProcessor  : Writing [Note[idNote=1, idEvaluation=1, idEleve=1, valeur=16.5, absent=false, dispense=false, appreciation=No (truncated)...]
2025-10-12T19:39:11.645+02:00 DEBUG 40768 --- [           main] s.w.s.m.m.a.RequestMappingHandlerMapping : Mapped to dz.tarbiya.madrassa.adapter.in.rest.NoteController#getById(Long)
2025-10-12T19:39:11.655+02:00 DEBUG 40768 --- [           main] o.s.w.s.m.m.a.HttpEntityMethodProcessor  : Using 'application/json', given [*/*] and supported [application/json, application/*+json, application/yaml]
2025-10-12T19:39:11.655+02:00 DEBUG 40768 --- [           main] o.s.w.s.m.m.a.HttpEntityMethodProcessor  : Writing [Note[idNote=1, idEvaluation=1, idEleve=1, valeur=16.5, absent=false, dispense=false, appreciation=No (truncated)...]
2025-10-12T19:39:11.665+02:00 DEBUG 40768 --- [           main] s.w.s.m.m.a.RequestMappingHandlerMapping : Mapped to dz.tarbiya.madrassa.adapter.in.rest.NoteController#getAll()
2025-10-12T19:39:11.749+02:00 DEBUG 40768 --- [           main] o.s.w.s.m.m.a.HttpEntityMethodProcessor  : Using 'application/json', given [*/*] and supported [application/json, application/*+json, application/yaml]
2025-10-12T19:39:11.749+02:00 DEBUG 40768 --- [           main] o.s.w.s.m.m.a.HttpEntityMethodProcessor  : Writing [[Note[idNote=1, idEvaluation=1, idEleve=1, valeur=16.5, absent=false, dispense=false, appreciation=N (truncated)...]
2025-10-12T19:39:11.755+02:00 DEBUG 40768 --- [           main] s.w.s.m.m.a.RequestMappingHandlerMapping : Mapped to dz.tarbiya.madrassa.adapter.in.rest.NoteController#delete(Long)
2025-10-12T19:39:11.764+02:00 DEBUG 40768 --- [           main] o.s.w.s.m.m.a.HttpEntityMethodProcessor  : Using 'application/json', given [*/*] and supported [application/json, application/*+json, application/yaml]
2025-10-12T19:39:11.764+02:00 DEBUG 40768 --- [           main] o.s.w.s.m.m.a.HttpEntityMethodProcessor  : Nothing to write: null body
2025-10-12T19:39:11.764+02:00 DEBUG 40768 --- [           main] s.w.s.m.m.a.RequestMappingHandlerMapping : Mapped to dz.tarbiya.madrassa.adapter.in.rest.NoteController#getById(Long)
2025-10-12T19:39:11.764+02:00 DEBUG 40768 --- [           main] o.s.w.s.m.m.a.HttpEntityMethodProcessor  : Using 'application/json', given [*/*] and supported [application/json, application/*+json, application/yaml]
2025-10-12T19:39:11.764+02:00 DEBUG 40768 --- [           main] o.s.w.s.m.m.a.HttpEntityMethodProcessor  : Nothing to write: null body
]]></system-out>
  </testcase>
</testsuite>